# JRE version: OpenJDK Runtime Environment Temurin-21.0.10+7 (21.0.10+7) (build 21.0.10+7-LTS)
# Java VM: OpenJDK 64-Bit Server VM Temurin-21.0.10+7 (21.0.10+7-LTS, mixed mode, sharing, tiered, compressed oops, compressed class ptrs, parallel gc, windows-amd64)
GC Precious Log:
 CardTable entry size: 512
 CPUs: 8 total, 8 available
 Memory: 16250M
 Large Page Support: Disabled
 NUMA Support: Disabled
 Compressed Oops: Enabled (32-bit)
 Alignments: Space 512K, Generation 512K, Heap 2M
 Heap Min Capacity: 100M
 Heap Initial Capacity: 100M
 Heap Max Capacity: 2G
 Pre-touch: Disabled
 Parallel Workers: 8
Heap:
 PSYoungGen      total 4096K, used 3637K [0x00000000d5580000, 0x00000000d5c00000, 0x0000000100000000)
  eden space 3584K, 94% used [0x00000000d5580000,0x00000000d58cd738,0x00000000d5900000)
  from space 512K, 50% used [0x00000000d5b80000,0x00000000d5bc0000,0x00000000d5c00000)
  to   space 512K, 0% used [0x00000000d5b00000,0x00000000d5b00000,0x00000000d5b80000)
 ParOldGen       total 815104K, used 814758K [0x0000000080000000, 0x00000000b1c00000, 0x00000000d5580000)
  object space 815104K, 99% used [0x0000000080000000,0x00000000b1ba9800,0x00000000b1c00000)
 Metaspace       used 81564K, committed 83264K, reserved 1179648K
  class space    used 8848K, committed 9536K, reserved 1048576K
GC Heap History (20 events):
Event: 161.728 GC heap before
{Heap before GC invocations=1212 (full 3):
 PSYoungGen      total 4096K, used 3774K [0x00000000d5580000, 0x00000000d5c00000, 0x0000000100000000)
  eden space 3584K, 99% used [0x00000000d5580000,0x00000000d58ffab0,0x00000000d5900000)
  from space 512K, 37% used [0x00000000d5b80000,0x00000000d5bb0000,0x00000000d5c00000)
  to   space 512K, 0% used [0x00000000d5b00000,0x00000000d5b00000,0x00000000d5b80000)
 ParOldGen       total 809984K, used 809478K [0x0000000080000000, 0x00000000b1700000, 0x00000000d5580000)
  object space 809984K, 99% used [0x0000000080000000,0x00000000b1681a00,0x00000000b1700000)
 Metaspace       used 81149K, committed 82752K, reserved 1179648K
  class space    used 8784K, committed 9472K, reserved 1048576K
}
Event: 162.939 GC heap after
{Heap after GC invocations=1212 (full 3):
 PSYoungGen      total 4096K, used 224K [0x00000000d5580000, 0x00000000d5c00000, 0x0000000100000000)
  eden space 3584K, 0% used [0x00000000d5580000,0x00000000d5580000,0x00000000d5900000)
  from space 512K, 43% used [0x00000000d5b00000,0x00000000d5b38000,0x00000000d5b80000)
  to   space 512K, 0% used [0x00000000d5b80000,0x00000000d5b80000,0x00000000d5c00000)
 ParOldGen       total 809984K, used 809574K [0x0000000080000000, 0x00000000b1700000, 0x00000000d5580000)
  object space 809984K, 99% used [0x0000000080000000,0x00000000b1699a00,0x00000000b1700000)
 Metaspace       used 81149K, committed 82752K, reserved 1179648K
  class space    used 8784K, committed 9472K, reserved 1048576K
}
Event: 163.035 GC heap before
{Heap before GC invocations=1213 (full 3):
 PSYoungGen      total 4096K, used 3054K [0x00000000d5580000, 0x00000000d5c00000, 0x0000000100000000)
  eden space 3584K, 78% used [0x00000000d5580000,0x00000000d5843820,0x00000000d5900000)
  from space 512K, 43% used [0x00000000d5b00000,0x00000000d5b38000,0x00000000d5b80000)
  to   space 512K, 0% used [0x00000000d5b80000,0x00000000d5b80000,0x00000000d5c00000)
 ParOldGen       total 809984K, used 809574K [0x0000000080000000, 0x00000000b1700000, 0x00000000d5580000)
  object space 809984K, 99% used [0x0000000080000000,0x00000000b1699a00,0x00000000b1700000)
 Metaspace       used 81169K, committed 82752K, reserved 1179648K
  class space    used 8786K, committed 9472K, reserved 1048576K
}
Event: 163.037 GC heap after
{Heap after GC invocations=1213 (full 3):
 PSYoungGen      total 4096K, used 492K [0x00000000d5580000, 0x00000000d5c00000, 0x0000000100000000)
  eden space 3584K, 0% used [0x00000000d5580000,0x00000000d5580000,0x00000000d5900000)
  from space 512K, 96% used [0x00000000d5b80000,0x00000000d5bfb1b0,0x00000000d5c00000)
  to   space 1536K, 0% used [0x00000000d5900000,0x00000000d5900000,0x00000000d5a80000)
 ParOldGen       total 810496K, used 810027K [0x0000000080000000, 0x00000000b1780000, 0x00000000d5580000)
  object space 810496K, 99% used [0x0000000080000000,0x00000000b170ac10,0x00000000b1780000)
 Metaspace       used 81169K, committed 82752K, reserved 1179648K
  class space    used 8786K, committed 9472K, reserved 1048576K
}
Event: 164.505 GC heap before
{Heap before GC invocations=1214 (full 3):
 PSYoungGen      total 4096K, used 3997K [0x00000000d5580000, 0x00000000d5c00000, 0x0000000100000000)
  eden space 3584K, 97% used [0x00000000d5580000,0x00000000d58ec290,0x00000000d5900000)
  from space 512K, 96% used [0x00000000d5b80000,0x00000000d5bfb1b0,0x00000000d5c00000)
  to   space 1536K, 0% used [0x00000000d5900000,0x00000000d5900000,0x00000000d5a80000)
 ParOldGen       total 810496K, used 810027K [0x0000000080000000, 0x00000000b1780000, 0x00000000d5580000)
  object space 810496K, 99% used [0x0000000080000000,0x00000000b170ac10,0x00000000b1780000)
 Metaspace       used 81171K, committed 82752K, reserved 1179648K
  class space    used 8786K, committed 9472K, reserved 1048576K
}
Event: 164.509 GC heap after
{Heap after GC invocations=1214 (full 3):
 PSYoungGen      total 5120K, used 1508K [0x00000000d5580000, 0x00000000d6100000, 0x0000000100000000)
  eden space 3584K, 0% used [0x00000000d5580000,0x00000000d5580000,0x00000000d5900000)
  from space 1536K, 98% used [0x00000000d5900000,0x00000000d5a790c8,0x00000000d5a80000)
  to   space 4096K, 0% used [0x00000000d5d00000,0x00000000d5d00000,0x00000000d6100000)
 ParOldGen       total 812032K, used 811807K [0x0000000080000000, 0x00000000b1900000, 0x00000000d5580000)
  object space 812032K, 99% used [0x0000000080000000,0x00000000b18c7fa0,0x00000000b1900000)
 Metaspace       used 81171K, committed 82752K, reserved 1179648K
  class space    used 8786K, committed 9472K, reserved 1048576K
}
Event: 165.447 GC heap before
{Heap before GC invocations=1215 (full 3):
 PSYoungGen      total 5120K, used 5005K [0x00000000d5580000, 0x00000000d6100000, 0x0000000100000000)
  eden space 3584K, 97% used [0x00000000d5580000,0x00000000d58ea3a0,0x00000000d5900000)
  from space 1536K, 98% used [0x00000000d5900000,0x00000000d5a790c8,0x00000000d5a80000)
  to   space 4096K, 0% used [0x00000000d5d00000,0x00000000d5d00000,0x00000000d6100000)
 ParOldGen       total 812032K, used 811807K [0x0000000080000000, 0x00000000b1900000, 0x00000000d5580000)
  object space 812032K, 99% used [0x0000000080000000,0x00000000b18c7fa0,0x00000000b1900000)
 Metaspace       used 81171K, committed 82752K, reserved 1179648K
  class space    used 8786K, committed 9472K, reserved 1048576K
}
Event: 165.453 GC heap after
{Heap after GC invocations=1215 (full 3):
 PSYoungGen      total 6656K, used 2958K [0x00000000d5580000, 0x00000000d6000000, 0x0000000100000000)
  eden space 3584K, 0% used [0x00000000d5580000,0x00000000d5580000,0x00000000d5900000)
  from space 3072K, 96% used [0x00000000d5d00000,0x00000000d5fe3850,0x00000000d6000000)
  to   space 3072K, 0% used [0x00000000d5a00000,0x00000000d5a00000,0x00000000d5d00000)
 ParOldGen       total 813568K, used 813336K [0x0000000080000000, 0x00000000b1a80000, 0x00000000d5580000)
  object space 813568K, 99% used [0x0000000080000000,0x00000000b1a462d8,0x00000000b1a80000)
 Metaspace       used 81171K, committed 82752K, reserved 1179648K
  class space    used 8786K, committed 9472K, reserved 1048576K
}
Event: 322.225 GC heap before
{Heap before GC invocations=1216 (full 3):
 PSYoungGen      total 6656K, used 6542K [0x00000000d5580000, 0x00000000d6000000, 0x0000000100000000)
  eden space 3584K, 100% used [0x00000000d5580000,0x00000000d5900000,0x00000000d5900000)
  from space 3072K, 96% used [0x00000000d5d00000,0x00000000d5fe3850,0x00000000d6000000)
  to   space 3072K, 0% used [0x00000000d5a00000,0x00000000d5a00000,0x00000000d5d00000)
 ParOldGen       total 813568K, used 813336K [0x0000000080000000, 0x00000000b1a80000, 0x00000000d5580000)
  object space 813568K, 99% used [0x0000000080000000,0x00000000b1a462d8,0x00000000b1a80000)
 Metaspace       used 81298K, committed 82880K, reserved 1179648K
  class space    used 8810K, committed 9536K, reserved 1048576K
}
Event: 324.843 GC heap after
{Heap after GC invocations=1216 (full 3):
 PSYoungGen      total 5120K, used 1056K [0x00000000d5580000, 0x00000000d5d80000, 0x0000000100000000)
  eden space 3584K, 0% used [0x00000000d5580000,0x00000000d5580000,0x00000000d5900000)
  from space 1536K, 68% used [0x00000000d5a00000,0x00000000d5b08000,0x00000000d5b80000)
  to   space 2048K, 0% used [0x00000000d5b80000,0x00000000d5b80000,0x00000000d5d80000)
 ParOldGen       total 813568K, used 813544K [0x0000000080000000, 0x00000000b1a80000, 0x00000000d5580000)
  object space 813568K, 99% used [0x0000000080000000,0x00000000b1a7a2d8,0x00000000b1a80000)
 Metaspace       used 81298K, committed 82880K, reserved 1179648K
  class space    used 8810K, committed 9536K, reserved 1048576K
}
Event: 371.989 GC heap before
{Heap before GC invocations=1217 (full 3):
 PSYoungGen      total 5120K, used 4413K [0x00000000d5580000, 0x00000000d5d80000, 0x0000000100000000)
  eden space 3584K, 93% used [0x00000000d5580000,0x00000000d58c76c8,0x00000000d5900000)
  from space 1536K, 68% used [0x00000000d5a00000,0x00000000d5b08000,0x00000000d5b80000)
  to   space 2048K, 0% used [0x00000000d5b80000,0x00000000d5b80000,0x00000000d5d80000)
 ParOldGen       total 813568K, used 813544K [0x0000000080000000, 0x00000000b1a80000, 0x00000000d5580000)
  object space 813568K, 99% used [0x0000000080000000,0x00000000b1a7a2d8,0x00000000b1a80000)
 Metaspace       used 81373K, committed 83008K, reserved 1179648K
  class space    used 8820K, committed 9536K, reserved 1048576K
}
Event: 372.007 GC heap after
{Heap after GC invocations=1217 (full 3):
 PSYoungGen      total 4096K, used 256K [0x00000000d5580000, 0x00000000d5c00000, 0x0000000100000000)
  eden space 3584K, 0% used [0x00000000d5580000,0x00000000d5580000,0x00000000d5900000)
  from space 512K, 50% used [0x00000000d5b80000,0x00000000d5bc0000,0x00000000d5c00000)
  to   space 1024K, 0% used [0x00000000d5a00000,0x00000000d5a00000,0x00000000d5b00000)
 ParOldGen       total 814592K, used 814415K [0x0000000080000000, 0x00000000b1b80000, 0x00000000d5580000)
  object space 814592K, 99% used [0x0000000080000000,0x00000000b1b53d48,0x00000000b1b80000)
 Metaspace       used 81373K, committed 83008K, reserved 1179648K
  class space    used 8820K, committed 9536K, reserved 1048576K
}
Event: 372.403 GC heap before
{Heap before GC invocations=1218 (full 3):
 PSYoungGen      total 4096K, used 3820K [0x00000000d5580000, 0x00000000d5c00000, 0x0000000100000000)
  eden space 3584K, 99% used [0x00000000d5580000,0x00000000d58fb388,0x00000000d5900000)
  from space 512K, 50% used [0x00000000d5b80000,0x00000000d5bc0000,0x00000000d5c00000)
  to   space 1024K, 0% used [0x00000000d5a00000,0x00000000d5a00000,0x00000000d5b00000)
 ParOldGen       total 814592K, used 814415K [0x0000000080000000, 0x00000000b1b80000, 0x00000000d5580000)
  object space 814592K, 99% used [0x0000000080000000,0x00000000b1b53d48,0x00000000b1b80000)
 Metaspace       used 81377K, committed 83072K, reserved 1179648K
  class space    used 8820K, committed 9536K, reserved 1048576K
}
Event: 372.406 GC heap after
{Heap after GC invocations=1218 (full 3):
 PSYoungGen      total 4608K, used 128K [0x00000000d5580000, 0x00000000d5c00000, 0x0000000100000000)
  eden space 3584K, 0% used [0x00000000d5580000,0x00000000d5580000,0x00000000d5900000)
  from space 1024K, 12% used [0x00000000d5a00000,0x00000000d5a20000,0x00000000d5b00000)
  to   space 512K, 0% used [0x00000000d5b80000,0x00000000d5b80000,0x00000000d5c00000)
 ParOldGen       total 814592K, used 814519K [0x0000000080000000, 0x00000000b1b80000, 0x00000000d5580000)
  object space 814592K, 99% used [0x0000000080000000,0x00000000b1b6dd58,0x00000000b1b80000)
 Metaspace       used 81377K, committed 83072K, reserved 1179648K
  class space    used 8820K, committed 9536K, reserved 1048576K
}
Event: 373.133 GC heap before
{Heap before GC invocations=1219 (full 3):
 PSYoungGen      total 4608K, used 3702K [0x00000000d5580000, 0x00000000d5c00000, 0x0000000100000000)
  eden space 3584K, 99% used [0x00000000d5580000,0x00000000d58fdbf0,0x00000000d5900000)
  from space 1024K, 12% used [0x00000000d5a00000,0x00000000d5a20000,0x00000000d5b00000)
  to   space 512K, 0% used [0x00000000d5b80000,0x00000000d5b80000,0x00000000d5c00000)
 ParOldGen       total 814592K, used 814519K [0x0000000080000000, 0x00000000b1b80000, 0x00000000d5580000)
  object space 814592K, 99% used [0x0000000080000000,0x00000000b1b6dd58,0x00000000b1b80000)
 Metaspace       used 81377K, committed 83072K, reserved 1179648K
  class space    used 8820K, committed 9536K, reserved 1048576K
}
Event: 373.135 GC heap after
{Heap after GC invocations=1219 (full 3):
 PSYoungGen      total 4096K, used 390K [0x00000000d5580000, 0x00000000d5c00000, 0x0000000100000000)
  eden space 3584K, 0% used [0x00000000d5580000,0x00000000d5580000,0x00000000d5900000)
  from space 512K, 76% used [0x00000000d5b80000,0x00000000d5be1aa8,0x00000000d5c00000)
  to   space 512K, 0% used [0x00000000d5b00000,0x00000000d5b00000,0x00000000d5b80000)
 ParOldGen       total 815104K, used 814686K [0x0000000080000000, 0x00000000b1c00000, 0x00000000d5580000)
  object space 815104K, 99% used [0x0000000080000000,0x00000000b1b97800,0x00000000b1c00000)
 Metaspace       used 81377K, committed 83072K, reserved 1179648K
  class space    used 8820K, committed 9536K, reserved 1048576K
}
Event: 374.243 GC heap before
{Heap before GC invocations=1220 (full 3):
 PSYoungGen      total 4096K, used 3974K [0x00000000d5580000, 0x00000000d5c00000, 0x0000000100000000)
  eden space 3584K, 100% used [0x00000000d5580000,0x00000000d5900000,0x00000000d5900000)
  from space 512K, 76% used [0x00000000d5b80000,0x00000000d5be1aa8,0x00000000d5c00000)
  to   space 512K, 0% used [0x00000000d5b00000,0x00000000d5b00000,0x00000000d5b80000)
 ParOldGen       total 815104K, used 814686K [0x0000000080000000, 0x00000000b1c00000, 0x00000000d5580000)
  object space 815104K, 99% used [0x0000000080000000,0x00000000b1b97800,0x00000000b1c00000)
 Metaspace       used 81377K, committed 83072K, reserved 1179648K
  class space    used 8820K, committed 9536K, reserved 1048576K
}
Event: 374.245 GC heap after
{Heap after GC invocations=1220 (full 3):
 PSYoungGen      total 4096K, used 256K [0x00000000d5580000, 0x00000000d5c00000, 0x0000000100000000)
  eden space 3584K, 0% used [0x00000000d5580000,0x00000000d5580000,0x00000000d5900000)
  from space 512K, 50% used [0x00000000d5b00000,0x00000000d5b40000,0x00000000d5b80000)
  to   space 512K, 0% used [0x00000000d5b80000,0x00000000d5b80000,0x00000000d5c00000)
 ParOldGen       total 815104K, used 814710K [0x0000000080000000, 0x00000000b1c00000, 0x00000000d5580000)
  object space 815104K, 99% used [0x0000000080000000,0x00000000b1b9d800,0x00000000b1c00000)
 Metaspace       used 81377K, committed 83072K, reserved 1179648K
  class space    used 8820K, committed 9536K, reserved 1048576K
}
Event: 374.913 GC heap before
{Heap before GC invocations=1221 (full 3):
 PSYoungGen      total 4096K, used 3840K [0x00000000d5580000, 0x00000000d5c00000, 0x0000000100000000)
  eden space 3584K, 100% used [0x00000000d5580000,0x00000000d5900000,0x00000000d5900000)
  from space 512K, 50% used [0x00000000d5b00000,0x00000000d5b40000,0x00000000d5b80000)
  to   space 512K, 0% used [0x00000000d5b80000,0x00000000d5b80000,0x00000000d5c00000)
 ParOldGen       total 815104K, used 814710K [0x0000000080000000, 0x00000000b1c00000, 0x00000000d5580000)
  object space 815104K, 99% used [0x0000000080000000,0x00000000b1b9d800,0x00000000b1c00000)
 Metaspace       used 81383K, committed 83072K, reserved 1179648K
  class space    used 8821K, committed 9536K, reserved 1048576K
}
Event: 374.916 GC heap after
{Heap after GC invocations=1221 (full 3):
 PSYoungGen      total 4096K, used 256K [0x00000000d5580000, 0x00000000d5c00000, 0x0000000100000000)
  eden space 3584K, 0% used [0x00000000d5580000,0x00000000d5580000,0x00000000d5900000)
  from space 512K, 50% used [0x00000000d5b80000,0x00000000d5bc0000,0x00000000d5c00000)
  to   space 512K, 0% used [0x00000000d5b00000,0x00000000d5b00000,0x00000000d5b80000)
 ParOldGen       total 815104K, used 814758K [0x0000000080000000, 0x00000000b1c00000, 0x00000000d5580000)
  object space 815104K, 99% used [0x0000000080000000,0x00000000b1ba9800,0x00000000b1c00000)
 Metaspace       used 81383K, committed 83072K, reserved 1179648K
  class space    used 8821K, committed 9536K, reserved 1048576K
}

